<?xml version="1.0" encoding="UTF-8"?>
<!-- Generated by org.testng.reporters.JUnitReportReporter -->
<testsuite hostname="DESKTOP-PPF45DV" failures="0" tests="2" name="com.htc.cleartrip.test.EditprofileTest" time="93.101" errors="0" timestamp="2021-05-28T12:08:04 IST" skipped="0">
  <testcase classname="com.htc.cleartrip.test.EditprofileTest" name="LoginTest" time="22.725"/>
  <system-out/>
  <testcase classname="com.htc.cleartrip.test.EditprofileTest" name="EditprofileTest" time="70.376"/>
  <system-out/>
</testsuite> <!-- com.htc.cleartrip.test.EditprofileTest -->
