<?xml version="1.0" encoding="UTF-8"?>
<!-- Generated by org.testng.reporters.JUnitReportReporter -->
<testsuite hostname="DESKTOP-PPF45DV" failures="0" tests="1" name="com.htc.cleartrip.test.HotelBookingTest" time="248.315" errors="0" timestamp="2021-05-28T20:18:30 IST" skipped="0">
  <testcase classname="com.htc.cleartrip.test.HotelBookingTest" name="HotelBookingTest" time="248.315"/>
  <system-out/>
</testsuite> <!-- com.htc.cleartrip.test.HotelBookingTest -->
