<?xml version="1.0" encoding="UTF-8"?>
<!-- Generated by org.testng.reporters.JUnitReportReporter -->
<testsuite hostname="DESKTOP-PPF45DV" failures="0" tests="1" name="com.htc.cleartrip.test.GiftcardTest" time="126.846" errors="0" timestamp="2021-05-28T12:08:04 IST" skipped="0">
  <testcase classname="com.htc.cleartrip.test.GiftcardTest" name="GiftcardTest" time="126.846"/>
  <system-out/>
</testsuite> <!-- com.htc.cleartrip.test.GiftcardTest -->
