<?xml version="1.0" encoding="UTF-8"?>
<!-- Generated by org.testng.reporters.JUnitReportReporter -->
<testsuite hostname="DESKTOP-PPF45DV" failures="0" tests="2" name="com.htc.cleartrip.test.TrainBookingTest" time="48.871" errors="0" timestamp="2021-05-31T15:54:54 IST" skipped="0">
  <testcase classname="com.htc.cleartrip.test.TrainBookingTest" name="LoginTest" time="23.481"/>
  <system-out/>
  <testcase classname="com.htc.cleartrip.test.TrainBookingTest" name="TrainBookingTest" time="25.390"/>
  <system-out/>
</testsuite> <!-- com.htc.cleartrip.test.TrainBookingTest -->
